<?xml version="1.0" encoding="UTF-8"?>
<!-- Generated by org.testng.reporters.JUnitReportReporter -->
<testsuite hostname="DESKTOP-JLJHT6P" failures="0" tests="1" name="Shopping_Cart_Demo.Shopping_Cart_Demo.test.LoginFail" time="2.944" errors="0" timestamp="2023-12-19T15:46:55 IST" skipped="0">
  <testcase classname="Shopping_Cart_Demo.Shopping_Cart_Demo.test.LoginFail" name="loginFailure" time="2.944"/>
</testsuite> <!-- Shopping_Cart_Demo.Shopping_Cart_Demo.test.LoginFail -->
