<?xml version="1.0" encoding="UTF-8"?>
<!-- Generated by org.testng.reporters.JUnitReportReporter -->
<testsuite hostname="DESKTOP-JLJHT6P" failures="0" tests="1" name="Shopping_Cart_Demo.Shopping_Cart_Demo.test.ShoppingCartTestCaseEdited" time="3.855" errors="0" timestamp="2023-12-19T04:19:07 IST" skipped="0">
  <testcase classname="Shopping_Cart_Demo.Shopping_Cart_Demo.test.ShoppingCartTestCaseEdited" name="loginFailure" time="3.855"/>
</testsuite> <!-- Shopping_Cart_Demo.Shopping_Cart_Demo.test.ShoppingCartTestCaseEdited -->
