<?xml version="1.0" encoding="UTF-8"?>
<!-- Generated by org.testng.reporters.JUnitReportReporter -->
<testsuite hostname="DESKTOP-JLJHT6P" failures="0" tests="1" name="Shopping_Cart_Demo.Shopping_Cart_Demo.test.ShoppingCartTestCase" time="16.070" errors="0" timestamp="2023-12-19T03:51:03 IST" skipped="0">
  <testcase classname="Shopping_Cart_Demo.Shopping_Cart_Demo.test.ShoppingCartTestCase" name="add" time="16.070"/>
</testsuite> <!-- Shopping_Cart_Demo.Shopping_Cart_Demo.test.ShoppingCartTestCase -->
