<?xml version="1.0" encoding="UTF-8"?>
<!-- Generated by org.testng.reporters.JUnitReportReporter -->
<testsuite hostname="DESKTOP-JLJHT6P" failures="0" tests="1" name="Shopping_Cart_Demo.Shopping_Cart_Demo.test.ShoppingCart" time="22.645" errors="0" timestamp="2023-12-19T16:19:45 IST" skipped="0">
  <testcase classname="Shopping_Cart_Demo.Shopping_Cart_Demo.test.ShoppingCart" name="submit" time="22.645"/>
</testsuite> <!-- Shopping_Cart_Demo.Shopping_Cart_Demo.test.ShoppingCart -->
